2021-10-15 12:41:53.072  INFO 4528 --- [main] c.e.d.AddressBookWorkShopNewApplication  : Starting AddressBookWorkShopNewApplication using Java 16.0.2 on LAPTOP-02USD3DD with PID 4528 (D:\STS WS\AddressBookWorkShop-New\target\classes started by asus in D:\STS WS\AddressBookWorkShop-New)
2021-10-15 12:41:53.076 DEBUG 4528 --- [main] c.e.d.AddressBookWorkShopNewApplication  : Running with Spring Boot v2.5.5, Spring v5.3.10
2021-10-15 12:41:53.077  INFO 4528 --- [main] c.e.d.AddressBookWorkShopNewApplication  : No active profile set, falling back to default profiles: default
2021-10-15 12:41:57.326  WARN 4528 --- [main] JpaBaseConfiguration$JpaWebConfiguration : spring.jpa.open-in-view is enabled by default. Therefore, database queries may be performed during view rendering. Explicitly configure spring.jpa.open-in-view to disable this warning
2021-10-15 12:41:58.388  INFO 4528 --- [main] c.e.d.AddressBookWorkShopNewApplication  : Started AddressBookWorkShopNewApplication in 5.867 seconds (JVM running for 6.983)
2021-10-15 12:42:45.204  INFO 1168 --- [main] c.e.d.AddressBookWorkShopNewApplication  : Starting AddressBookWorkShopNewApplication using Java 16.0.2 on LAPTOP-02USD3DD with PID 1168 (D:\STS WS\AddressBookWorkShop-New\target\classes started by asus in D:\STS WS\AddressBookWorkShop-New)
2021-10-15 12:42:45.208  INFO 1168 --- [main] c.e.d.AddressBookWorkShopNewApplication  : No active profile set, falling back to default profiles: default
2021-10-15 12:42:46.003  INFO 1168 --- [main] .s.d.r.c.RepositoryConfigurationDelegate : Multiple Spring Data modules found, entering strict repository configuration mode!
2021-10-15 12:42:46.005  INFO 1168 --- [main] .s.d.r.c.RepositoryConfigurationDelegate : Bootstrapping Spring Data JDBC repositories in DEFAULT mode.
2021-10-15 12:42:46.037  INFO 1168 --- [main] .RepositoryConfigurationExtensionSupport : Spring Data JDBC - Could not safely identify store assignment for repository candidate interface com.example.demo.Repo.AddressBookRepo. If you want this repository to be a JDBC repository, consider annotating your entities with one of these annotations: org.springframework.data.relational.core.mapping.Table.
2021-10-15 12:42:46.038  INFO 1168 --- [main] .s.d.r.c.RepositoryConfigurationDelegate : Finished Spring Data repository scanning in 27 ms. Found 0 JDBC repository interfaces.
2021-10-15 12:42:46.048  INFO 1168 --- [main] .s.d.r.c.RepositoryConfigurationDelegate : Multiple Spring Data modules found, entering strict repository configuration mode!
2021-10-15 12:42:46.050  INFO 1168 --- [main] .s.d.r.c.RepositoryConfigurationDelegate : Bootstrapping Spring Data JPA repositories in DEFAULT mode.
2021-10-15 12:42:46.201  INFO 1168 --- [main] .s.d.r.c.RepositoryConfigurationDelegate : Finished Spring Data repository scanning in 145 ms. Found 1 JPA repository interfaces.
2021-10-15 12:42:46.981  INFO 1168 --- [main] o.s.b.w.embedded.tomcat.TomcatWebServer  : Tomcat initialized with port(s): 8080 (http)
2021-10-15 12:42:46.994  INFO 1168 --- [main] o.apache.catalina.core.StandardService   : Starting service [Tomcat]
2021-10-15 12:42:46.995  INFO 1168 --- [main] org.apache.catalina.core.StandardEngine  : Starting Servlet engine: [Apache Tomcat/9.0.53]
2021-10-15 12:42:47.153  INFO 1168 --- [main] o.a.c.c.C.[Tomcat].[localhost].[/]       : Initializing Spring embedded WebApplicationContext
2021-10-15 12:42:47.154  INFO 1168 --- [main] w.s.c.ServletWebServerApplicationContext : Root WebApplicationContext: initialization completed in 1889 ms
2021-10-15 12:42:47.452  INFO 1168 --- [main] o.hibernate.jpa.internal.util.LogHelper  : HHH000204: Processing PersistenceUnitInfo [name: default]
2021-10-15 12:42:47.520  INFO 1168 --- [main] org.hibernate.Version                    : HHH000412: Hibernate ORM core version 5.4.32.Final
2021-10-15 12:42:47.693  INFO 1168 --- [main] o.hibernate.annotations.common.Version   : HCANN000001: Hibernate Commons Annotations {5.1.2.Final}
2021-10-15 12:42:47.816  INFO 1168 --- [main] com.zaxxer.hikari.HikariDataSource       : HikariPool-1 - Starting...
2021-10-15 12:42:48.253  INFO 1168 --- [main] com.zaxxer.hikari.HikariDataSource       : HikariPool-1 - Start completed.
2021-10-15 12:42:48.273  INFO 1168 --- [main] org.hibernate.dialect.Dialect            : HHH000400: Using dialect: org.hibernate.dialect.MySQL5InnoDBDialect
2021-10-15 12:42:49.096  INFO 1168 --- [main] o.h.e.t.j.p.i.JtaPlatformInitiator       : HHH000490: Using JtaPlatform implementation: [org.hibernate.engine.transaction.jta.platform.internal.NoJtaPlatform]
2021-10-15 12:42:49.107  INFO 1168 --- [main] j.LocalContainerEntityManagerFactoryBean : Initialized JPA EntityManagerFactory for persistence unit 'default'
2021-10-15 12:42:49.617  WARN 1168 --- [main] JpaBaseConfiguration$JpaWebConfiguration : spring.jpa.open-in-view is enabled by default. Therefore, database queries may be performed during view rendering. Explicitly configure spring.jpa.open-in-view to disable this warning
2021-10-15 12:42:50.743  INFO 1168 --- [main] o.s.b.w.embedded.tomcat.TomcatWebServer  : Tomcat started on port(s): 8080 (http) with context path ''
2021-10-15 12:42:50.756  INFO 1168 --- [main] c.e.d.AddressBookWorkShopNewApplication  : Started AddressBookWorkShopNewApplication in 6.052 seconds (JVM running for 6.982)
2021-10-15 12:47:34.286  INFO 1168 --- [RMI TCP Connection(9)-127.0.0.1] inMXBeanRegistrar$SpringApplicationAdmin : Application shutdown requested.
2021-10-15 12:47:34.339  INFO 1168 --- [RMI TCP Connection(9)-127.0.0.1] j.LocalContainerEntityManagerFactoryBean : Closing JPA EntityManagerFactory for persistence unit 'default'
2021-10-15 12:47:34.343  INFO 1168 --- [RMI TCP Connection(9)-127.0.0.1] com.zaxxer.hikari.HikariDataSource       : HikariPool-1 - Shutdown initiated...
2021-10-15 12:47:34.353  INFO 1168 --- [RMI TCP Connection(9)-127.0.0.1] com.zaxxer.hikari.HikariDataSource       : HikariPool-1 - Shutdown completed.
